Arguments: 
  /media/togekk/Backup/togekk/.nvm/versions/node/v16.4.2/bin/node /home/togekk/.nvm/versions/node/v16.4.2/bin/yarn publish

PATH: 
  /home/togekk/.local/bin:/home/togekk/.nvm/versions/node/v16.4.2/bin:/home/togekk/.cargo/bin:/home/togekk/.local/bin:/usr/local/sbin:/usr/local/bin:/usr/sbin:/usr/bin:/sbin:/bin:/usr/games:/usr/local/games:/snap/bin

Yarn version: 
  1.22.11

Node version: 
  16.4.2

Platform: 
  linux x64

Trace: 
  Error: canceled
      at Interface.<anonymous> (/media/togekk/Backup/togekk/.nvm/versions/node/v16.4.2/lib/node_modules/yarn/lib/cli.js:137023:13)
      at Interface.emit (node:events:394:28)
      at Interface._ttyWrite (node:readline:1069:16)
      at ReadStream.onkeypress (node:readline:288:10)
      at ReadStream.emit (node:events:394:28)
      at emitKeys (node:internal/readline/utils:358:14)
      at emitKeys.next (<anonymous>)
      at ReadStream.onData (node:internal/readline/emitKeypressEvents:61:36)
      at ReadStream.emit (node:events:394:28)
      at addChunk (node:internal/streams/readable:312:12)

npm manifest: 
  {
    "name": "assemblyscript-functions1",
    "version": "0.0.2",
    "main": "index.js",
    "repository": "https://github.com/togekk1/assemblyscript-functions.git",
    "author": "togekk1",
    "license": "MIT",
    "devDependencies": {
      "@assemblyscript/loader": "^0.19.20",
      "assemblyscript": "^0.19.20",
      "assemblyscript-json": "^1.1.0",
      "typescript": "^4.4.4"
    },
    "scripts": {
      "tsc": "tsc -p tsconfig.json && tsc -p tsconfig-index.json",
      "asbuild:untouched": "asc src/assembly/index.ts -b lib/wasm/main.untouched.wasm --exportRuntime --target debug",
      "asbuild:optimized": "asc src/assembly/index.ts -b lib/wasm/main.optimized.wasm --exportRuntime --target release",
      "build": "npm run tsc && npm run asbuild:optimized",
      "publish:prod": "npm publish --tag latest",
      "publish:next": "npm publish --tag next"
    },
    "releaseFiles": [
      "lib/",
      "index.d.ts",
      "index.js",
      "LICENSE",
      "package.json",
      "README.md",
      "tsconfig.json"
    ]
  }

yarn manifest: 
  No manifest

Lockfile: 
  # THIS IS AN AUTOGENERATED FILE. DO NOT EDIT THIS FILE DIRECTLY.
  # yarn lockfile v1
  
  
  "@assemblyscript/loader@^0.19.20":
    version "0.19.20"
    resolved "https://registry.yarnpkg.com/@assemblyscript/loader/-/loader-0.19.20.tgz#73c923a726c9b15cbdf83d39310566fb55ce5b6d"
    integrity sha512-BKKWNGwp0xyELmk214RnwB4fxZeNokBkkvpCzpBbkD1FnDuNO7Dv96WECOPeiFySPl78FKAihlasU8MJ1Vldnw==
  
  assemblyscript-json@^1.1.0:
    version "1.1.0"
    resolved "https://registry.yarnpkg.com/assemblyscript-json/-/assemblyscript-json-1.1.0.tgz#49d38bc21f1ac36f2887528a35de6cf7d59c17be"
    integrity sha512-UbE8ts8csTWQgd5TnSPN7MRV9NveuHv1bVnKmDLoo/tzjqxkmsZb3lu59Uk8H7SGoqdkDSEE049alx/nHnSdFw==
  
  assemblyscript@^0.19.20:
    version "0.19.20"
    resolved "https://registry.yarnpkg.com/assemblyscript/-/assemblyscript-0.19.20.tgz#b8d63b8319eac8a13ec34c0737c2de1bea5d5b7d"
    integrity sha512-uull/pqWqKZkBC8pQM+oujNoRKC4bN+gv/cJ2Dl71fOzvCXqQN+q/36RpMzN4v5nryt8XoKwXQ8dbv4zGU1nbQ==
    dependencies:
      binaryen "102.0.0-nightly.20211028"
      long "^5.1.0"
      source-map-support "^0.5.20"
  
  binaryen@102.0.0-nightly.20211028:
    version "102.0.0-nightly.20211028"
    resolved "https://registry.yarnpkg.com/binaryen/-/binaryen-102.0.0-nightly.20211028.tgz#8f1efb0920afd34509e342e37f84313ec936afb2"
    integrity sha512-GCJBVB5exbxzzvyt8MGDv/MeUjs6gkXDvf4xOIItRBptYl0Tz5sm1o/uG95YK0L0VeG5ajDu3hRtkBP2kzqC5w==
  
  buffer-from@^1.0.0:
    version "1.1.2"
    resolved "https://registry.yarnpkg.com/buffer-from/-/buffer-from-1.1.2.tgz#2b146a6fd72e80b4f55d255f35ed59a3a9a41bd5"
    integrity sha512-E+XQCRwSbaaiChtv6k6Dwgc+bx+Bs6vuKJHHl5kox/BaKbhiXzqQOwK4cO22yElGp2OCmjwVhT3HmxgyPGnJfQ==
  
  long@^5.1.0:
    version "5.1.0"
    resolved "https://registry.yarnpkg.com/long/-/long-5.1.0.tgz#5c0b82eaeea5907176b34bbd3bdcd1bf203ba714"
    integrity sha512-eNc10JP6ezXp/qxXZlKS4OHAKNae3je9LUkjmXPDEa+Iidlz0n4nFi/9LT+GOgcayMWhykLoISN+v0THeOiWQQ==
  
  source-map-support@^0.5.20:
    version "0.5.20"
    resolved "https://registry.yarnpkg.com/source-map-support/-/source-map-support-0.5.20.tgz#12166089f8f5e5e8c56926b377633392dd2cb6c9"
    integrity sha512-n1lZZ8Ve4ksRqizaBQgxXDgKwttHDhyfQjA6YZZn8+AroHbsIz+JjwxQDxbp+7y5OYCI8t1Yk7etjD9CRd2hIw==
    dependencies:
      buffer-from "^1.0.0"
      source-map "^0.6.0"
  
  source-map@^0.6.0:
    version "0.6.1"
    resolved "https://registry.yarnpkg.com/source-map/-/source-map-0.6.1.tgz#74722af32e9614e9c287a8d0bbde48b5e2f1a263"
    integrity sha512-UjgapumWlbMhkBgzT7Ykc5YXUT46F0iKu8SGXq0bcwP5dz/h0Plj6enJqjz1Zbq2l5WaqYnrVbwWOWMyF3F47g==
  
  typescript@^4.4.4:
    version "4.4.4"
    resolved "https://registry.yarnpkg.com/typescript/-/typescript-4.4.4.tgz#2cd01a1a1f160704d3101fd5a58ff0f9fcb8030c"
    integrity sha512-DqGhF5IKoBl8WNf8C1gu8q0xZSInh9j1kJJMqT3a94w1JzVaBU4EXOSMrz9yDqMT0xt3selp83fuFMQ0uzv6qA==
